Build started 06/10/2015 19:57:39.
     1>Project "C:\Users\Edinei\Dropbox\Unisinos\Processamento Grafico\Meus Trabalhos\Project6\Project6\Project6\Project6.vcxproj" on node 2 (Build target(s)).
     1>ClCompile:
         C:\Program Files (x86)\Microsoft Visual Studio 14.0\VC\bin\CL.exe /c /ZI /nologo /W3 /WX- /sdl /Od /Oy- /D _MBCS /Gm /EHsc /RTC1 /MDd /GS /fp:precise /Zc:wchar_t /Zc:forScope /Zc:inline /Fo"Debug\\" /Fd"Debug\vc140.pdb" /Gd /TP /analyze- /errorReport:prompt LoaderImage.cpp Source.cpp
         LoaderImage.cpp
         Generating Code...
         Compiling...
         Source.cpp
     1>c:\users\edinei\dropbox\unisinos\processamento grafico\meus trabalhos\project6\project6\project6\source.cpp(72): warning C4018: '<': signed/unsigned mismatch
     1>c:\users\edinei\dropbox\unisinos\processamento grafico\meus trabalhos\project6\project6\project6\source.cpp(142): warning C4244: '-=': conversion from 'double' to 'int', possible loss of data
     1>c:\users\edinei\dropbox\unisinos\processamento grafico\meus trabalhos\project6\project6\project6\source.cpp(148): warning C4244: 'argument': conversion from 'float' to 'int', possible loss of data
     1>c:\users\edinei\dropbox\unisinos\processamento grafico\meus trabalhos\project6\project6\project6\source.cpp(149): warning C4305: '-=': truncation from 'double' to 'float'
     1>c:\users\edinei\dropbox\unisinos\processamento grafico\meus trabalhos\project6\project6\project6\source.cpp(206): warning C4244: '=': conversion from 'double' to 'int', possible loss of data
         Generating Code...
       Link:
         C:\Program Files (x86)\Microsoft Visual Studio 14.0\VC\bin\link.exe /ERRORREPORT:PROMPT /OUT:"C:\Users\Edinei\Dropbox\Unisinos\Processamento Grafico\Meus Trabalhos\Project6\Project6\Debug\Project6.exe" /INCREMENTAL /NOLOGO kernel32.lib user32.lib gdi32.lib winspool.lib comdlg32.lib advapi32.lib shell32.lib ole32.lib oleaut32.lib uuid.lib odbc32.lib odbccp32.lib /MANIFEST /MANIFESTUAC:"level='asInvoker' uiAccess='false'" /manifest:embed /Debug /PDB:"C:\Users\Edinei\Dropbox\Unisinos\Processamento Grafico\Meus Trabalhos\Project6\Project6\Debug\Project6.pdb" /TLBID:1 /DYNAMICBASE /NXCOMPAT /IMPLIB:"C:\Users\Edinei\Dropbox\Unisinos\Processamento Grafico\Meus Trabalhos\Project6\Project6\Debug\Project6.lib" /MACHINE:X86 Debug\Image.obj
         Debug\LoaderImage.obj
         Debug\Source.obj
         Project6.vcxproj -> C:\Users\Edinei\Dropbox\Unisinos\Processamento Grafico\Meus Trabalhos\Project6\Project6\Debug\Project6.exe
     1>Done Building Project "C:\Users\Edinei\Dropbox\Unisinos\Processamento Grafico\Meus Trabalhos\Project6\Project6\Project6\Project6.vcxproj" (Build target(s)).

Build succeeded.

Time Elapsed 00:00:02.53
