Build started 05/10/2015 21:32:36.
     1>Project "C:\Users\Edinei\Dropbox\Unisinos\Processamento Grafico\Meus Trabalhos\Project6\Project6\Project6\Project6.vcxproj" on node 2 (Build target(s)).
     1>ClCompile:
         C:\Program Files (x86)\Microsoft Visual Studio 14.0\VC\bin\CL.exe /c /Zi /nologo /W3 /WX- /sdl /O2 /Oi /Oy- /GL /D _MBCS /Gm- /EHsc /MD /GS /Gy /fp:precise /Zc:wchar_t /Zc:forScope /Zc:inline /Fo"Release\\" /Fd"Release\vc140.pdb" /Gd /TP /analyze- /errorReport:prompt Source.cpp
         Source.cpp
     1>Source.cpp(72): warning C4018: '<': signed/unsigned mismatch
     1>Source.cpp(142): warning C4244: '-=': conversion from 'double' to 'int', possible loss of data
     1>Source.cpp(148): warning C4244: 'argument': conversion from 'float' to 'int', possible loss of data
     1>Source.cpp(149): warning C4305: '-=': truncation from 'double' to 'float'
     1>Source.cpp(210): warning C4244: '=': conversion from 'double' to 'int', possible loss of data
       Link:
         C:\Program Files (x86)\Microsoft Visual Studio 14.0\VC\bin\link.exe /ERRORREPORT:PROMPT /OUT:"C:\Users\Edinei\Dropbox\Unisinos\Processamento Grafico\Meus Trabalhos\Project6\Project6\Release\Project6.exe" /NOLOGO kernel32.lib user32.lib gdi32.lib winspool.lib comdlg32.lib advapi32.lib shell32.lib ole32.lib oleaut32.lib uuid.lib odbc32.lib odbccp32.lib /MANIFEST /MANIFESTUAC:"level='asInvoker' uiAccess='false'" /manifest:embed /Debug /PDB:"C:\Users\Edinei\Dropbox\Unisinos\Processamento Grafico\Meus Trabalhos\Project6\Project6\Release\Project6.pdb" /OPT:REF /OPT:ICF /LTCG:incremental /TLBID:1 /DYNAMICBASE /NXCOMPAT /IMPLIB:"C:\Users\Edinei\Dropbox\Unisinos\Processamento Grafico\Meus Trabalhos\Project6\Project6\Release\Project6.lib" /MACHINE:X86 /SAFESEH Release\Image.obj
         Release\LoaderImage.obj
         Release\Source.obj
         Generating code
         2 of 233 functions ( 0.9%) were compiled, the rest were copied from previous compilation.
           0 functions were new in current compilation
           1 functions had inline decision re-evaluated but remain unchanged
         Finished generating code
         Project6.vcxproj -> C:\Users\Edinei\Dropbox\Unisinos\Processamento Grafico\Meus Trabalhos\Project6\Project6\Release\Project6.exe
     1>Done Building Project "C:\Users\Edinei\Dropbox\Unisinos\Processamento Grafico\Meus Trabalhos\Project6\Project6\Project6\Project6.vcxproj" (Build target(s)).

Build succeeded.

Time Elapsed 00:00:01.70
